<?xml version="1.0" encoding="utf-8"?>
<coverage line-rate="1" branch-rate="1" version="1.9" timestamp="1634506185" lines-covered="63" lines-valid="63" branches-covered="22" branches-valid="22">
  <sources>
    <source>C:\Users\olatu\Projects\demo\AWSM\wildcards\Wildcards\Wildcards.Service\Implementation\</source>
  </sources>
  <packages>
    <package name="Wildcards.Service" line-rate="1" branch-rate="1" complexity="23">
      <classes>
        <class name="Wildcards.Service.Implementation.RegexPatternService" filename="RegexPatternService.cs" line-rate="1" branch-rate="1" complexity="18">
          <methods>
            <method name="GetRegexPattern" signature="(System.String)" line-rate="1" branch-rate="1" complexity="18">
              <lines>
                <line number="8" hits="10" branch="False" />
                <line number="9" hits="10" branch="False" />
                <line number="11" hits="94" branch="True" condition-coverage="100% (2/2)">
                  <conditions>
                    <condition number="310" type="jump" coverage="100%" />
                  </conditions>
                </line>
                <line number="12" hits="37" branch="False" />
                <line number="13" hits="37" branch="False" />
                <line number="15" hits="37" branch="True" condition-coverage="100% (6/6)">
                  <conditions>
                    <condition number="34" type="jump" coverage="100%" />
                    <condition number="42" type="jump" coverage="100%" />
                    <condition number="50" type="jump" coverage="100%" />
                  </conditions>
                </line>
                <line number="18" hits="15" branch="False" />
                <line number="19" hits="15" branch="False" />
                <line number="22" hits="4" branch="False" />
                <line number="23" hits="4" branch="False" />
                <line number="27" hits="9" branch="False" />
                <line number="29" hits="9" branch="True" condition-coverage="100% (2/2)">
                  <conditions>
                    <condition number="115" type="jump" coverage="100%" />
                  </conditions>
                </line>
                <line number="30" hits="3" branch="False" />
                <line number="31" hits="3" branch="False" />
                <line number="32" hits="3" branch="False" />
                <line number="34" hits="6" branch="False" />
                <line number="35" hits="6" branch="True" condition-coverage="100% (2/2)">
                  <conditions>
                    <condition number="151" type="jump" coverage="100%" />
                  </conditions>
                </line>
                <line number="36" hits="3" branch="False" />
                <line number="37" hits="3" branch="False" />
                <line number="38" hits="3" branch="False" />
                <line number="40" hits="3" branch="False" />
                <line number="41" hits="18" branch="True" condition-coverage="100% (2/2)">
                  <conditions>
                    <condition number="266" type="jump" coverage="100%" />
                  </conditions>
                </line>
                <line number="42" hits="9" branch="False" />
                <line number="43" hits="9" branch="True" condition-coverage="100% (2/2)">
                  <conditions>
                    <condition number="188" type="jump" coverage="100%" />
                  </conditions>
                </line>
                <line number="44" hits="3" branch="False" />
                <line number="45" hits="3" branch="False" />
                <line number="48" hits="6" branch="False" />
                <line number="49" hits="6" branch="True" condition-coverage="100% (2/2)">
                  <conditions>
                    <condition number="211" type="jump" coverage="100%" />
                  </conditions>
                </line>
                <line number="50" hits="3" branch="False" />
                <line number="51" hits="3" branch="False" />
                <line number="52" hits="3" branch="False" />
                <line number="54" hits="3" branch="False" />
                <line number="55" hits="3" branch="False" />
                <line number="57" hits="3" branch="False" />
                <line number="58" hits="3" branch="False" />
                <line number="59" hits="3" branch="False" />
                <line number="60" hits="6" branch="False" />
                <line number="62" hits="9" branch="False" />
                <line number="64" hits="9" branch="False" />
                <line number="67" hits="9" branch="False" />
                <line number="69" hits="37" branch="False" />
                <line number="71" hits="10" branch="False" />
                <line number="73" hits="10" branch="False" />
                <line number="74" hits="10" branch="False" />
              </lines>
            </method>
          </methods>
          <lines>
            <line number="8" hits="10" branch="False" />
            <line number="9" hits="10" branch="False" />
            <line number="11" hits="94" branch="True" condition-coverage="100% (2/2)">
              <conditions>
                <condition number="310" type="jump" coverage="100%" />
              </conditions>
            </line>
            <line number="12" hits="37" branch="False" />
            <line number="13" hits="37" branch="False" />
            <line number="15" hits="37" branch="True" condition-coverage="100% (6/6)">
              <conditions>
                <condition number="34" type="jump" coverage="100%" />
                <condition number="42" type="jump" coverage="100%" />
                <condition number="50" type="jump" coverage="100%" />
              </conditions>
            </line>
            <line number="18" hits="15" branch="False" />
            <line number="19" hits="15" branch="False" />
            <line number="22" hits="4" branch="False" />
            <line number="23" hits="4" branch="False" />
            <line number="27" hits="9" branch="False" />
            <line number="29" hits="9" branch="True" condition-coverage="100% (2/2)">
              <conditions>
                <condition number="115" type="jump" coverage="100%" />
              </conditions>
            </line>
            <line number="30" hits="3" branch="False" />
            <line number="31" hits="3" branch="False" />
            <line number="32" hits="3" branch="False" />
            <line number="34" hits="6" branch="False" />
            <line number="35" hits="6" branch="True" condition-coverage="100% (2/2)">
              <conditions>
                <condition number="151" type="jump" coverage="100%" />
              </conditions>
            </line>
            <line number="36" hits="3" branch="False" />
            <line number="37" hits="3" branch="False" />
            <line number="38" hits="3" branch="False" />
            <line number="40" hits="3" branch="False" />
            <line number="41" hits="18" branch="True" condition-coverage="100% (2/2)">
              <conditions>
                <condition number="266" type="jump" coverage="100%" />
              </conditions>
            </line>
            <line number="42" hits="9" branch="False" />
            <line number="43" hits="9" branch="True" condition-coverage="100% (2/2)">
              <conditions>
                <condition number="188" type="jump" coverage="100%" />
              </conditions>
            </line>
            <line number="44" hits="3" branch="False" />
            <line number="45" hits="3" branch="False" />
            <line number="48" hits="6" branch="False" />
            <line number="49" hits="6" branch="True" condition-coverage="100% (2/2)">
              <conditions>
                <condition number="211" type="jump" coverage="100%" />
              </conditions>
            </line>
            <line number="50" hits="3" branch="False" />
            <line number="51" hits="3" branch="False" />
            <line number="52" hits="3" branch="False" />
            <line number="54" hits="3" branch="False" />
            <line number="55" hits="3" branch="False" />
            <line number="57" hits="3" branch="False" />
            <line number="58" hits="3" branch="False" />
            <line number="59" hits="3" branch="False" />
            <line number="60" hits="6" branch="False" />
            <line number="62" hits="9" branch="False" />
            <line number="64" hits="9" branch="False" />
            <line number="67" hits="9" branch="False" />
            <line number="69" hits="37" branch="False" />
            <line number="71" hits="10" branch="False" />
            <line number="73" hits="10" branch="False" />
            <line number="74" hits="10" branch="False" />
          </lines>
        </class>
        <class name="Wildcards.Service.Implementation.WildcardsService" filename="WildcardsService.cs" line-rate="1" branch-rate="1" complexity="5">
          <methods>
            <method name="Wildcards" signature="(System.String)" line-rate="1" branch-rate="1" complexity="4">
              <lines>
                <line number="16" hits="4" branch="False" />
                <line number="17" hits="4" branch="True" condition-coverage="100% (2/2)">
                  <conditions>
                    <condition number="11" type="jump" coverage="100%" />
                  </conditions>
                </line>
                <line number="18" hits="3" branch="False" />
                <line number="19" hits="3" branch="False" />
                <line number="21" hits="3" branch="True" condition-coverage="100% (2/2)">
                  <conditions>
                    <condition number="32" type="jump" coverage="100%" />
                  </conditions>
                </line>
                <line number="22" hits="2" branch="False" />
                <line number="23" hits="2" branch="False" />
                <line number="25" hits="2" branch="False" />
                <line number="27" hits="2" branch="False" />
                <line number="29" hits="2" branch="False" />
                <line number="32" hits="1" branch="False" />
                <line number="33" hits="1" branch="False" />
                <line number="37" hits="1" branch="False" />
                <line number="38" hits="1" branch="False" />
                <line number="40" hits="4" branch="False" />
              </lines>
            </method>
            <method name=".ctor" signature="(Wildcards.Service.Contract.IRegexPatternService)" line-rate="1" branch-rate="1" complexity="1">
              <lines>
                <line number="10" hits="4" branch="False" />
                <line number="11" hits="4" branch="False" />
                <line number="12" hits="4" branch="False" />
                <line number="13" hits="4" branch="False" />
              </lines>
            </method>
          </methods>
          <lines>
            <line number="16" hits="4" branch="False" />
            <line number="17" hits="4" branch="True" condition-coverage="100% (2/2)">
              <conditions>
                <condition number="11" type="jump" coverage="100%" />
              </conditions>
            </line>
            <line number="18" hits="3" branch="False" />
            <line number="19" hits="3" branch="False" />
            <line number="21" hits="3" branch="True" condition-coverage="100% (2/2)">
              <conditions>
                <condition number="32" type="jump" coverage="100%" />
              </conditions>
            </line>
            <line number="22" hits="2" branch="False" />
            <line number="23" hits="2" branch="False" />
            <line number="25" hits="2" branch="False" />
            <line number="27" hits="2" branch="False" />
            <line number="29" hits="2" branch="False" />
            <line number="32" hits="1" branch="False" />
            <line number="33" hits="1" branch="False" />
            <line number="37" hits="1" branch="False" />
            <line number="38" hits="1" branch="False" />
            <line number="40" hits="4" branch="False" />
            <line number="10" hits="4" branch="False" />
            <line number="11" hits="4" branch="False" />
            <line number="12" hits="4" branch="False" />
            <line number="13" hits="4" branch="False" />
          </lines>
        </class>
      </classes>
    </package>
  </packages>
</coverage>